building Nix...
building the system configuration...
these 39 derivations will be built:
  /nix/store/01pjhygig0y5y80w33b61f1b4hnpqg0i-gnome-themes-extra-3.28_fish-completions.drv
  /nix/store/5lcbna85d8msi6jbnxi84hrfazarrnni-man-paths.drv
  /nix/store/5dp46sgf1mxjn6rasbg5wm4pws3vrzpk-man-cache.drv
  /nix/store/1wsss8axm9xg2dqy8m3sfg5gnyfnhxsp-etc-man_db.conf.drv
  /nix/store/hgv7m82z40v5bhmja2akpdzcb90lxz66-system-path.drv
  /nix/store/8lv0j65mgcn36lgjry66pwk7ynvbbrf0-set-environment.drv
  /nix/store/ky5mx094d7cwfrqkkr79x22ixfpb8l5m-unit-emacs.service.drv
  /nix/store/l3qrsk34qc286prbp1zqwkix7plx4wfq-dbus-1.drv
  /nix/store/4fd3cn052jjwykz5mvr59x57frb84v75-X-Restart-Triggers-dbus-broker.drv
  /nix/store/n8mb372qwysdg185lfmj5pdn80ks6761-unit-dbus-broker.service.drv
  /nix/store/1xyzai8c6yiv3fzili1a8yl7ficn6n92-user-units.drv
  /nix/store/2q5crhwglh5x8g5sp2qlijxznfynai6x-xserver-wrapper.drv
  /nix/store/4246ix86pikniww91wdkzsdijczkvmzc-nixos-tmpfiles.d.drv
  /nix/store/4l1im706c39zlb7c0k602xynm410l3d7-users-groups.json.drv
  /nix/store/5af0n8vw4gn43mwp89dj67k7nh5f5910-unit-dbus-broker.service.drv
  /nix/store/9qsbbylx44w327kw4xvvqfrniplvd5h7-etc-pam-environment.drv
  /nix/store/fyj7sb2flz4gvywfw2h0ld9b3vlvlwka-etc-fish-nixos-env-preinit.fish.drv
  /nix/store/gcbnk58b4sikba7cixiqc4il3hdfpd2g-lightdm-autologin.pam.drv
  /nix/store/hm6p03k3khikyx82cfhjggn2dg6pzw7x-lightdm-gtk-greeter.conf.drv
  /nix/store/jdx9p5ngbfkry88yqkbfg3b5bi4jjmcb-unit-accounts-daemon.service.drv
  /nix/store/f06z4k3a291m6r6ib44bjlhymhyyprg2-X-Restart-Triggers-polkit.drv
  /nix/store/ksqivxp383m5v14fn90r05gm7s7wmny8-unit-polkit.service.drv
  /nix/store/flm3gplp3xpmlr4g50hl7gqasr8n77cq-unit-script-display-manager-start.drv
  /nix/store/mhpjw7vgnmg9qj8bwrwvsdpngz5j73kl-unit-display-manager.service.drv
  /nix/store/qz1dc3p9zf9xfpsj9zpb751gjnqk48xv-tmpfiles.d.drv
  /nix/store/bgq8bl743484ysf9kxd3adrxgcwjcf1f-X-Restart-Triggers-systemd-tmpfiles-resetup.drv
  /nix/store/v3nnjmv355jkpqrfspj84jf98w45c43k-unit-systemd-tmpfiles-resetup.service.drv
  /nix/store/i2x4vgzxv4092qlxsz76csrrclyjzgcr-system-units.drv
  /nix/store/pkj62dl4wvbz7jjbq3r90rzxlfsnv1qp-etc-profile.drv
  /nix/store/q1sackyvp05xgfzn9lhwlflz8fr00da2-user-environment.drv
  /nix/store/8ykrbw571dcaxx8w4whfajpbz6xl0ysq-lightdm-1.32.0_fish-completions.drv
  /nix/store/ry4j6zm9vgixwhxiji288hr5rblgljci-system_fish-completions.drv
  /nix/store/vkn8a1z09vpwhay1gg0qgi6i63p53ij7-users.conf.drv
  /nix/store/whmgbwxhys8jbv4h768mvbyjxc87wfjg-lightdm-greeter.pam.drv
  /nix/store/dsl6rlnrjd25ykbab21mh8i2v75x9lig-lightdm-gtk-greeter-xgreeters.drv
  /nix/store/wnmi7vz5j04smdknln7knv8vrsl79v4g-lightdm.conf.drv
  /nix/store/xaml1fn11pg7f2r7azgg35d2y097w2sq-lightdm.pam.drv
  /nix/store/65k94w3g7f2rq4rwxhfbcs4rcm1px7nx-etc.drv
  /nix/store/v67v7brs77dc81qxgz39w3q5bvhy001g-nixos-system-sixsixsix-24.05pre611350.cfd6b5fc90b1.drv
these 6 paths will be fetched (3.10 MiB download, 7.68 MiB unpacked):
  /nix/store/7nqyxg84pq7vxgz9k49xkim6bwgswxnj-busybox-1.36.1
  /nix/store/5ccmrsyy647a6x6hslg3l6c26ki8f9py-gnome-themes-extra-3.28
  /nix/store/xqgkw671c0qrwjxq18l4zdmnm7fb7ind-lightdm-1.32.0
  /nix/store/g6xrqjhiq61lz9nypm0hci6azd2rb7qq-lightdm-gtk-greeter-2.0.9
  /nix/store/qb82wpjaf3j6pswhk73rkcd43si2nb1w-nix-wallpaper-simple-dark-gray_bottom.png
  /nix/store/f9wi849c2qfx9g9cxipssld5rwp2xj0s-simple-dark-gray-2018-08-28
building '/nix/store/4l1im706c39zlb7c0k602xynm410l3d7-users-groups.json.drv'...
copying path '/nix/store/7nqyxg84pq7vxgz9k49xkim6bwgswxnj-busybox-1.36.1' from 'https://cache.nixos.org'...
copying path '/nix/store/5ccmrsyy647a6x6hslg3l6c26ki8f9py-gnome-themes-extra-3.28' from 'https://cache.nixos.org'...
copying path '/nix/store/qb82wpjaf3j6pswhk73rkcd43si2nb1w-nix-wallpaper-simple-dark-gray_bottom.png' from 'https://cache.nixos.org'...
building '/nix/store/gcbnk58b4sikba7cixiqc4il3hdfpd2g-lightdm-autologin.pam.drv'...
building '/nix/store/whmgbwxhys8jbv4h768mvbyjxc87wfjg-lightdm-greeter.pam.drv'...
building '/nix/store/xaml1fn11pg7f2r7azgg35d2y097w2sq-lightdm.pam.drv'...
building '/nix/store/q1sackyvp05xgfzn9lhwlflz8fr00da2-user-environment.drv'...
building '/nix/store/vkn8a1z09vpwhay1gg0qgi6i63p53ij7-users.conf.drv'...
building '/nix/store/4246ix86pikniww91wdkzsdijczkvmzc-nixos-tmpfiles.d.drv'...
building '/nix/store/2q5crhwglh5x8g5sp2qlijxznfynai6x-xserver-wrapper.drv'...
created 1751 symlinks in user environment
gtk-update-icon-cache: Cache file created successfully.
copying path '/nix/store/xqgkw671c0qrwjxq18l4zdmnm7fb7ind-lightdm-1.32.0' from 'https://cache.nixos.org'...
copying path '/nix/store/f9wi849c2qfx9g9cxipssld5rwp2xj0s-simple-dark-gray-2018-08-28' from 'https://cache.nixos.org'...
building '/nix/store/qz1dc3p9zf9xfpsj9zpb751gjnqk48xv-tmpfiles.d.drv'...
building '/nix/store/01pjhygig0y5y80w33b61f1b4hnpqg0i-gnome-themes-extra-3.28_fish-completions.drv'...
copying path '/nix/store/g6xrqjhiq61lz9nypm0hci6azd2rb7qq-lightdm-gtk-greeter-2.0.9' from 'https://cache.nixos.org'...
building '/nix/store/bgq8bl743484ysf9kxd3adrxgcwjcf1f-X-Restart-Triggers-systemd-tmpfiles-resetup.drv'...
building '/nix/store/8ykrbw571dcaxx8w4whfajpbz6xl0ysq-lightdm-1.32.0_fish-completions.drv'...
building '/nix/store/hm6p03k3khikyx82cfhjggn2dg6pzw7x-lightdm-gtk-greeter.conf.drv'...
building '/nix/store/5lcbna85d8msi6jbnxi84hrfazarrnni-man-paths.drv'...
building '/nix/store/hgv7m82z40v5bhmja2akpdzcb90lxz66-system-path.drv'...
building '/nix/store/flm3gplp3xpmlr4g50hl7gqasr8n77cq-unit-script-display-manager-start.drv'...
building '/nix/store/ry4j6zm9vgixwhxiji288hr5rblgljci-system_fish-completions.drv'...
building '/nix/store/v3nnjmv355jkpqrfspj84jf98w45c43k-unit-systemd-tmpfiles-resetup.service.drv'...
building '/nix/store/dsl6rlnrjd25ykbab21mh8i2v75x9lig-lightdm-gtk-greeter-xgreeters.drv'...
created 5820 symlinks in user environment
created 795 symlinks in user environment
building '/nix/store/mhpjw7vgnmg9qj8bwrwvsdpngz5j73kl-unit-display-manager.service.drv'...
building '/nix/store/wnmi7vz5j04smdknln7knv8vrsl79v4g-lightdm.conf.drv'...
building '/nix/store/5dp46sgf1mxjn6rasbg5wm4pws3vrzpk-man-cache.drv'...
created 19102 symlinks in user environment
gtk-update-icon-cache: Cache file created successfully.
building '/nix/store/f06z4k3a291m6r6ib44bjlhymhyyprg2-X-Restart-Triggers-polkit.drv'...
building '/nix/store/l3qrsk34qc286prbp1zqwkix7plx4wfq-dbus-1.drv'...
building '/nix/store/9qsbbylx44w327kw4xvvqfrniplvd5h7-etc-pam-environment.drv'...
building '/nix/store/8lv0j65mgcn36lgjry66pwk7ynvbbrf0-set-environment.drv'...
building '/nix/store/jdx9p5ngbfkry88yqkbfg3b5bi4jjmcb-unit-accounts-daemon.service.drv'...
building '/nix/store/4fd3cn052jjwykz5mvr59x57frb84v75-X-Restart-Triggers-dbus-broker.drv'...
building '/nix/store/fyj7sb2flz4gvywfw2h0ld9b3vlvlwka-etc-fish-nixos-env-preinit.fish.drv'...
building '/nix/store/pkj62dl4wvbz7jjbq3r90rzxlfsnv1qp-etc-profile.drv'...
building '/nix/store/ky5mx094d7cwfrqkkr79x22ixfpb8l5m-unit-emacs.service.drv'...
building '/nix/store/ksqivxp383m5v14fn90r05gm7s7wmny8-unit-polkit.service.drv'...
building '/nix/store/5af0n8vw4gn43mwp89dj67k7nh5f5910-unit-dbus-broker.service.drv'...
building '/nix/store/n8mb372qwysdg185lfmj5pdn80ks6761-unit-dbus-broker.service.drv'...
building '/nix/store/i2x4vgzxv4092qlxsz76csrrclyjzgcr-system-units.drv'...
building '/nix/store/1xyzai8c6yiv3fzili1a8yl7ficn6n92-user-units.drv'...
building '/nix/store/1wsss8axm9xg2dqy8m3sfg5gnyfnhxsp-etc-man_db.conf.drv'...
building '/nix/store/65k94w3g7f2rq4rwxhfbcs4rcm1px7nx-etc.drv'...
building '/nix/store/v67v7brs77dc81qxgz39w3q5bvhy001g-nixos-system-sixsixsix-24.05pre611350.cfd6b5fc90b1.drv'...
stopping the following units: accounts-daemon.service, systemd-tmpfiles-resetup.service
NOT restarting the following changed units: display-manager.service
activating the configuration...
removing group ‘sddm’
removing user ‘sddm’
setting up /etc...
removing obsolete symlink ‘/etc/sddm.conf’...
removing obsolete symlink ‘/etc/pam.d/sddm’...
removing obsolete symlink ‘/etc/pam.d/sddm-autologin’...
removing obsolete symlink ‘/etc/pam.d/sddm-greeter’...
removing obsolete symlink ‘/etc/tmpfiles.d/sddm.conf’...
reloading user units for vivivi...
restarting sysinit-reactivation.target
reloading the following units: dbus-broker.service
restarting the following units: polkit.service
starting the following units: accounts-daemon.service, systemd-tmpfiles-resetup.service
the following new units were started: NetworkManager-dispatcher.service
